[2025-07-30 00:08:54] Medical Record: Procedure: Cataract Surgery

Description: Phacoemulsification surgery to remove cataract from the right eye, followed by intraocular lens implantation.

Diagnosis: Age-related cataract

ICD-10 Code: H25.9
[2025-07-31 10:52:05] Medical Record:  Patient: P003
Procedure: Appendectomy

Description: Laparoscopic appendectomy performed to remove an inflamed appendix due to acute appendicitis.

Diagnosis: Acute appendicitis

ICD-10 Code: K35.80
[2025-07-31 11:21:27] Medical Record:  Patient: P003
Procedure: Appendectomy

Description: Laparoscopic appendectomy performed to remove an inflamed appendix due to acute appendicitis.

Diagnosis: Acute appendicitis

ICD-10 Code: K35.80
[2025-07-31 12:18:31] Medical Record:  Patient: P003
Procedure: Appendectomy

Description: Laparoscopic appendectomy performed to remove an inflamed appendix due to acute appendicitis.

Diagnosis: Acute appendicitis

ICD-10 Code: K35.80

[2025-07-31 13:33:47] Medical Record: Procedure: Mole Removal

Description: Removal of a benign mole located on the left arm. The procedure includes local anesthesia and excision of the mole for biopsy.

Diagnosis: Benign melanocytic nevus

ICD-10 Code: D22.9
[2025-07-31 13:34:13] Medical Record: Procedure: Mole Removal

Description: Removal of a benign mole located on the left arm. The procedure includes local anesthesia and excision of the mole for biopsy.

Diagnosis: Benign melanocytic nevus

ICD-10 Code: D22.9
[2025-07-31 13:34:59] Medical Record: Procedure: Mole Removal

Description: Removal of a benign mole located on the left arm. The procedure includes local anesthesia and excision of the mole for biopsy.

Diagnosis: Benign melanocytic nevus

ICD-10 Code: D22.9
[2025-07-31 13:37:05] Medical Record: Procedure: Mole Removal

Description: Removal of a benign mole located on the left arm. The procedure includes local anesthesia and excision of the mole for biopsy.

Diagnosis: Benign melanocytic nevus

ICD-10 Code: D22.9
[2025-07-31 14:02:55] Medical Record: Procedure: Mole Removal

Description: Removal of a benign mole located on the left arm. The procedure includes local anesthesia and excision of the mole for biopsy.

Diagnosis: Benign melanocytic nevus

ICD-10 Code: D22.9
[2025-07-31 16:52:58] Medical Record: Procedure: Mole Removal

Description: Removal of a benign mole located on the left arm. The procedure includes local anesthesia and excision of the mole for biopsy.

Diagnosis: Benign melanocytic nevus

ICD-10 Code: D22.9
[2025-07-31 16:55:33] Medical Record: Procedure: Mole Removal

Description: Removal of a benign mole located on the left arm. The procedure includes local anesthesia and excision of the mole for biopsy.

Diagnosis: Benign melanocytic nevus

ICD-10 Code: D22.9
[2025-07-31 17:15:23] Medical Record: Procedure: Mole Removal

Description: Removal of a benign mole located on the left arm. The procedure includes local anesthesia and excision of the mole for biopsy.

Diagnosis: Benign melanocytic nevus

ICD-10 Code: D22.9
[2025-07-31 17:24:37] Medical Record: Procedure: Mole Removal

Description: Removal of a benign mole located on the left arm. The procedure includes local anesthesia and excision of the mole for biopsy.

Diagnosis: Benign melanocytic nevus

ICD-10 Code: D22.9
[2025-07-31 17:26:01] Medical Record: Procedure: Mole Removal

Description: Removal of a benign mole located on the left arm. The procedure includes local anesthesia and excision of the mole for biopsy.

Diagnosis: Benign melanocytic nevus

ICD-10 Code: D22.9
[2025-07-31 17:34:10] Medical Record: Procedure: Mole Removal

Description: Removal of a benign mole located on the left arm. The procedure includes local anesthesia and excision of the mole for biopsy.

Diagnosis: Benign melanocytic nevus

ICD-10 Code: D22.9
[2025-07-31 17:44:49] Medical Record: Procedure: Mole Removal

Description: Removal of a benign mole located on the left arm. The procedure includes local anesthesia and excision of the mole for biopsy.

Diagnosis: Benign melanocytic nevus

ICD-10 Code: D22.9
[2025-07-31 18:43:24] Medical Record: Procedure: Mole Removal

Description: Removal of a benign mole located on the left arm. The procedure includes local anesthesia and excision of the mole for biopsy.

Diagnosis: Benign melanocytic nevus

ICD-10 Code: D22.9
[2025-07-31 18:44:12] Medical Record: Procedure: Mole Removal

Description: Removal of a benign mole located on the left arm. The procedure includes local anesthesia and excision of the mole for biopsy.

Diagnosis: Benign melanocytic nevus

ICD-10 Code: D22.9
[2025-07-31 20:02:52] Medical Record: Procedure: Cataract Surgery

Description: Phacoemulsification surgery to remove cataract from the right eye, followed by intraocular lens implantation.

Diagnosis: Age-related cataract

ICD-10 Code: H25.9
